2025-10-21 15:39:52.380 | WARNING  | __main__:main:25 - Processing your request...
2025-10-21 15:39:52.381 | INFO     | app.agent.base:run:141 - Executing step 1/20
2025-10-21 15:39:53.762 | INFO     | app.llm:update_token_count:243 - Token usage: Input=1345, Completion=42, Cumulative Input=1345, Cumulative Completion=42, Total=1387, Cumulative Total=1387
2025-10-21 15:39:53.763 | INFO     | app.agent.toolcall:think:89 - âœ¨ Manus's thoughts: 
2025-10-21 15:39:53.763 | INFO     | app.agent.toolcall:think:90 - ğŸ› ï¸ Manus selected 1 tools to use
2025-10-21 15:39:53.763 | INFO     | app.agent.toolcall:think:94 - ğŸ§° Tools being prepared: ['web_search']
2025-10-21 15:39:53.763 | INFO     | app.agent.toolcall:think:97 - ğŸ”§ Tool arguments: {"query": "å°ç‚’è‚‰çš„åšæ³•", "num_results": 5, "lang": "zh", "country": "cn"}
2025-10-21 15:39:53.764 | INFO     | app.agent.toolcall:execute_tool:192 - ğŸ”§ Activating tool: 'web_search'...
2025-10-21 15:39:53.765 | INFO     | app.tool.web_search:_try_all_engines:299 - ğŸ” Attempting search with Google...
2025-10-21 15:40:11.799 | ERROR    | app.agent.toolcall:execute_tool:219 - âš ï¸ Tool 'web_search' encountered a problem: RetryError[<Future at 0x7fd2c05e54c0 state=finished raised ConnectionError>]
Traceback (most recent call last):

  File "/usr/local/lib/python3.12/site-packages/urllib3/connection.py", line 198, in _new_conn
    sock = connection.create_connection(
           â”‚          â”” <function create_connection at 0x7fd2cbdc5800>
           â”” <module 'urllib3.util.connection' from '/usr/local/lib/python3.12/site-packages/urllib3/util/connection.py'>
  File "/usr/local/lib/python3.12/site-packages/urllib3/util/connection.py", line 85, in create_connection
    raise err
          â”” None
  File "/usr/local/lib/python3.12/site-packages/urllib3/util/connection.py", line 73, in create_connection
    sock.connect(sa)
    â”‚    â”‚       â”” ('2001::1', 443, 0, 0)
    â”‚    â”” <method 'connect' of '_socket.socket' objects>
    â”” <socket.socket [closed] fd=-1, family=10, type=1, proto=6>

OSError: [Errno 101] Network is unreachable


The above exception was the direct cause of the following exception:


Traceback (most recent call last):

  File "/usr/local/lib/python3.12/site-packages/urllib3/connectionpool.py", line 787, in urlopen
    response = self._make_request(
               â”‚    â”” <function HTTPConnectionPool._make_request at 0x7fd2cbe64c20>
               â”” <urllib3.connectionpool.HTTPSConnectionPool object at 0x7fd2c05e50a0>
  File "/usr/local/lib/python3.12/site-packages/urllib3/connectionpool.py", line 488, in _make_request
    raise new_e
          â”” NewConnectionError('<urllib3.connection.HTTPSConnection object at 0x7fd2c05e4410>: Failed to establish a new connection: [Err...
  File "/usr/local/lib/python3.12/site-packages/urllib3/connectionpool.py", line 464, in _make_request
    self._validate_conn(conn)
    â”‚    â”‚              â”” <urllib3.connection.HTTPSConnection object at 0x7fd2c05e4410>
    â”‚    â”” <function HTTPSConnectionPool._validate_conn at 0x7fd2cbe651c0>
    â”” <urllib3.connectionpool.HTTPSConnectionPool object at 0x7fd2c05e50a0>
  File "/usr/local/lib/python3.12/site-packages/urllib3/connectionpool.py", line 1093, in _validate_conn
    conn.connect()
    â”‚    â”” <function HTTPSConnection.connect at 0x7fd2cbe5cae0>
    â”” <urllib3.connection.HTTPSConnection object at 0x7fd2c05e4410>
  File "/usr/local/lib/python3.12/site-packages/urllib3/connection.py", line 753, in connect
    self.sock = sock = self._new_conn()
    â”‚    â”‚             â”‚    â”” <function HTTPConnection._new_conn at 0x7fd2cbe5c0e0>
    â”‚    â”‚             â”” <urllib3.connection.HTTPSConnection object at 0x7fd2c05e4410>
    â”‚    â”” None
    â”” <urllib3.connection.HTTPSConnection object at 0x7fd2c05e4410>
  File "/usr/local/lib/python3.12/site-packages/urllib3/connection.py", line 213, in _new_conn
    raise NewConnectionError(
          â”” <class 'urllib3.exceptions.NewConnectionError'>

urllib3.exceptions.NewConnectionError: <urllib3.connection.HTTPSConnection object at 0x7fd2c05e4410>: Failed to establish a new connection: [Errno 101] Network is unreachable


The above exception was the direct cause of the following exception:


Traceback (most recent call last):

  File "/usr/local/lib/python3.12/site-packages/requests/adapters.py", line 644, in send
    resp = conn.urlopen(
           â”‚    â”” <function HTTPConnectionPool.urlopen at 0x7fd2cbe64e00>
           â”” <urllib3.connectionpool.HTTPSConnectionPool object at 0x7fd2c05e50a0>
  File "/usr/local/lib/python3.12/site-packages/urllib3/connectionpool.py", line 841, in urlopen
    retries = retries.increment(
              â”‚       â”” <function Retry.increment at 0x7fd2cbdc7ce0>
              â”” Retry(total=0, connect=None, read=False, redirect=None, status=None)
  File "/usr/local/lib/python3.12/site-packages/urllib3/util/retry.py", line 519, in increment
    raise MaxRetryError(_pool, url, reason) from reason  # type: ignore[arg-type]
          â”‚             â”‚      â”‚    â”‚            â”” NewConnectionError('<urllib3.connection.HTTPSConnection object at 0x7fd2c05e4410>: Failed to establish a new connection: [Err...
          â”‚             â”‚      â”‚    â”” NewConnectionError('<urllib3.connection.HTTPSConnection object at 0x7fd2c05e4410>: Failed to establish a new connection: [Err...
          â”‚             â”‚      â”” '/search?q=%E5%B0%8F%E7%82%92%E8%82%89%E7%9A%84%E5%81%9A%E6%B3%95&num=7&hl=en&start=0&safe=active'
          â”‚             â”” <urllib3.connectionpool.HTTPSConnectionPool object at 0x7fd2c05e50a0>
          â”” <class 'urllib3.exceptions.MaxRetryError'>

urllib3.exceptions.MaxRetryError: HTTPSConnectionPool(host='www.google.com', port=443): Max retries exceeded with url: /search?q=%E5%B0%8F%E7%82%92%E8%82%89%E7%9A%84%E5%81%9A%E6%B3%95&num=7&hl=en&start=0&safe=active (Caused by NewConnectionError('<urllib3.connection.HTTPSConnection object at 0x7fd2c05e4410>: Failed to establish a new connection: [Errno 101] Network is unreachable'))


During handling of the above exception, another exception occurred:


Traceback (most recent call last):

  File "/usr/local/lib/python3.12/site-packages/tenacity/asyncio/__init__.py", line 114, in __call__
    result = await fn(*args, **kwargs)
                   â”‚   â”‚       â”” {}
                   â”‚   â”” (WebSearch(name='web_search', description='Search the web for real-time information about any topic.\n    This tool returns c...
                   â”” <function WebSearch._perform_search_with_engine at 0x7fd2cb5da700>

  File "/home/transwarp/Documents/workspace/private/LLM_reasoning_framework/Agent/OpenManus/app/tool/web_search.py", line 398, in _perform_search_with_engine
    return await asyncio.get_event_loop().run_in_executor(
                 â”‚       â”” <built-in function get_event_loop>
                 â”” <module 'asyncio' from '/usr/local/lib/python3.12/asyncio/__init__.py'>

  File "/usr/local/lib/python3.12/concurrent/futures/thread.py", line 59, in run
    result = self.fn(*self.args, **self.kwargs)
             â”‚        â”‚            â”” None
             â”‚        â”” None
             â”” None

  File "/home/transwarp/Documents/workspace/private/LLM_reasoning_framework/Agent/OpenManus/app/tool/web_search.py", line 401, in <lambda>
    engine.perform_search(
    â”‚      â”” <function GoogleSearchEngine.perform_search at 0x7fd2cb5d9a80>
    â”” GoogleSearchEngine()

  File "/home/transwarp/Documents/workspace/private/LLM_reasoning_framework/Agent/OpenManus/app/tool/search/google_search.py", line 20, in perform_search
    for i, item in enumerate(raw_results):
                             â”” <generator object search at 0x7fd2c1326d90>

  File "/usr/local/lib/python3.12/site-packages/googlesearch/__init__.py", line 58, in search
    resp = _req(term, num_results - start,
           â”‚    â”‚     â”‚             â”” 0
           â”‚    â”‚     â”” 5
           â”‚    â”” 'å°ç‚’è‚‰çš„åšæ³•'
           â”” <function _req at 0x7fd2cb5d9c60>
  File "/usr/local/lib/python3.12/site-packages/googlesearch/__init__.py", line 10, in _req
    resp = get(
           â”” <function get at 0x7fd2cb769580>
  File "/usr/local/lib/python3.12/site-packages/requests/api.py", line 73, in get
    return request("get", url, params=params, **kwargs)
           â”‚              â”‚           â”‚         â”” {'headers': {'User-Agent': 'Lynx/3.8.0 libwww-FM/2.13 SSL-MM/2.4 OpenSSL/2.2.7', 'Accept': '*/*'}, 'proxies': None, 'timeout'...
           â”‚              â”‚           â”” {'q': 'å°ç‚’è‚‰çš„åšæ³•', 'num': 7, 'hl': 'en', 'start': 0, 'safe': 'active', 'gl': None}
           â”‚              â”” 'https://www.google.com/search'
           â”” <function request at 0x7fd2cb7798a0>
  File "/usr/local/lib/python3.12/site-packages/requests/api.py", line 59, in request
    return session.request(method=method, url=url, **kwargs)
           â”‚       â”‚              â”‚           â”‚      â”” {'params': {'q': 'å°ç‚’è‚‰çš„åšæ³•', 'num': 7, 'hl': 'en', 'start': 0, 'safe': 'active', 'gl': None}, 'headers': {'User-Agent': 'Lynx/3...
           â”‚       â”‚              â”‚           â”” 'https://www.google.com/search'
           â”‚       â”‚              â”” 'get'
           â”‚       â”” <function Session.request at 0x7fd2cb7b19e0>
           â”” <requests.sessions.Session object at 0x7fd2c0ad38c0>
  File "/usr/local/lib/python3.12/site-packages/requests/sessions.py", line 589, in request
    resp = self.send(prep, **send_kwargs)
           â”‚    â”‚    â”‚       â”” {'timeout': 5, 'allow_redirects': True, 'proxies': OrderedDict(), 'stream': False, 'verify': True, 'cert': None}
           â”‚    â”‚    â”” <PreparedRequest [GET]>
           â”‚    â”” <function Session.send at 0x7fd2cb7b1ee0>
           â”” <requests.sessions.Session object at 0x7fd2c0ad38c0>
  File "/usr/local/lib/python3.12/site-packages/requests/sessions.py", line 703, in send
    r = adapter.send(request, **kwargs)
        â”‚       â”‚    â”‚          â”” {'timeout': 5, 'proxies': OrderedDict(), 'stream': False, 'verify': True, 'cert': None}
        â”‚       â”‚    â”” <PreparedRequest [GET]>
        â”‚       â”” <function HTTPAdapter.send at 0x7fd2cb7b1300>
        â”” <requests.adapters.HTTPAdapter object at 0x7fd2c05e5ac0>
  File "/usr/local/lib/python3.12/site-packages/requests/adapters.py", line 677, in send
    raise ConnectionError(e, request=request)
          â”‚                          â”” <PreparedRequest [GET]>
          â”” <class 'requests.exceptions.ConnectionError'>

requests.exceptions.ConnectionError: HTTPSConnectionPool(host='www.google.com', port=443): Max retries exceeded with url: /search?q=%E5%B0%8F%E7%82%92%E8%82%89%E7%9A%84%E5%81%9A%E6%B3%95&num=7&hl=en&start=0&safe=active (Caused by NewConnectionError('<urllib3.connection.HTTPSConnection object at 0x7fd2c05e4410>: Failed to establish a new connection: [Errno 101] Network is unreachable'))


The above exception was the direct cause of the following exception:


Traceback (most recent call last):

  File "/home/transwarp/Documents/workspace/private/LLM_reasoning_framework/Agent/OpenManus/main.py", line 36, in <module>
    asyncio.run(main())
    â”‚       â”‚   â”” <function main at 0x7fd2ce922340>
    â”‚       â”” <function run at 0x7fd2ce01e7a0>
    â”” <module 'asyncio' from '/usr/local/lib/python3.12/asyncio/__init__.py'>

  File "/usr/local/lib/python3.12/asyncio/runners.py", line 195, in run
    return runner.run(main)
           â”‚      â”‚   â”” <coroutine object main at 0x7fd2c127cb80>
           â”‚      â”” <function Runner.run at 0x7fd2cde6fc40>
           â”” <asyncio.runners.Runner object at 0x7fd2ce718890>
  File "/usr/local/lib/python3.12/asyncio/runners.py", line 118, in run
    return self._loop.run_until_complete(task)
           â”‚    â”‚     â”‚                  â”” <Task pending name='Task-1' coro=<main() running at /home/transwarp/Documents/workspace/private/LLM_reasoning_framework/Agent...
           â”‚    â”‚     â”” <function BaseEventLoop.run_until_complete at 0x7fd2cde6d8a0>
           â”‚    â”” <_UnixSelectorEventLoop running=True closed=False debug=False>
           â”” <asyncio.runners.Runner object at 0x7fd2ce718890>
  File "/usr/local/lib/python3.12/asyncio/base_events.py", line 678, in run_until_complete
    self.run_forever()
    â”‚    â”” <function BaseEventLoop.run_forever at 0x7fd2cde6d800>
    â”” <_UnixSelectorEventLoop running=True closed=False debug=False>
  File "/usr/local/lib/python3.12/asyncio/base_events.py", line 645, in run_forever
    self._run_once()
    â”‚    â”” <function BaseEventLoop._run_once at 0x7fd2cde6f600>
    â”” <_UnixSelectorEventLoop running=True closed=False debug=False>
  File "/usr/local/lib/python3.12/asyncio/base_events.py", line 1999, in _run_once
    handle._run()
    â”‚      â”” <function Handle._run at 0x7fd2cdfcd940>
    â”” <Handle Task.task_wakeup(<Future finis...achable'))"))>)>
  File "/usr/local/lib/python3.12/asyncio/events.py", line 88, in _run
    self._context.run(self._callback, *self._args)
    â”‚    â”‚            â”‚    â”‚           â”‚    â”” <member '_args' of 'Handle' objects>
    â”‚    â”‚            â”‚    â”‚           â”” <Handle Task.task_wakeup(<Future finis...achable'))"))>)>
    â”‚    â”‚            â”‚    â”” <member '_callback' of 'Handle' objects>
    â”‚    â”‚            â”” <Handle Task.task_wakeup(<Future finis...achable'))"))>)>
    â”‚    â”” <member '_context' of 'Handle' objects>
    â”” <Handle Task.task_wakeup(<Future finis...achable'))"))>)>

  File "/home/transwarp/Documents/workspace/private/LLM_reasoning_framework/Agent/OpenManus/main.py", line 26, in main
    await agent.run(prompt)
          â”‚     â”‚   â”” 'å°ç‚’è‚‰çš„åšæ³•ï¼Ÿ'
          â”‚     â”” <function ToolCallAgent.run at 0x7fd2c9e4e0c0>
          â”” Manus(name='Manus', description='A versatile agent that can solve various tasks using multiple tools including MCP-based tool...

  File "/home/transwarp/Documents/workspace/private/LLM_reasoning_framework/Agent/OpenManus/app/agent/toolcall.py", line 260, in run
    return await super().run(request)
                             â”” 'å°ç‚’è‚‰çš„åšæ³•ï¼Ÿ'

  File "/home/transwarp/Documents/workspace/private/LLM_reasoning_framework/Agent/OpenManus/app/agent/base.py", line 142, in run
    step_result = await self.step()
                        â”‚    â”” <function ReActAgent.step at 0x7fd2cb697560>
                        â”” Manus(name='Manus', description='A versatile agent that can solve various tasks using multiple tools including MCP-based tool...

  File "/home/transwarp/Documents/workspace/private/LLM_reasoning_framework/Agent/OpenManus/app/agent/react.py", line 41, in step
    return await self.act()
                 â”‚    â”” <function ToolCallAgent.act at 0x7fd2cb697d80>
                 â”” Manus(name='Manus', description='A versatile agent that can solve various tasks using multiple tools including MCP-based tool...

  File "/home/transwarp/Documents/workspace/private/LLM_reasoning_framework/Agent/OpenManus/app/agent/toolcall.py", line 155, in act
    result = await self.execute_tool(command)
                   â”‚    â”‚            â”” ChatCompletionMessageToolCall(id='chatcmpl-tool-8e9734068d2048c0946447f53d4d24f8', function=Function(arguments='{"query": "\\...
                   â”‚    â”” <function ToolCallAgent.execute_tool at 0x7fd2c9e4d8a0>
                   â”” Manus(name='Manus', description='A versatile agent that can solve various tasks using multiple tools including MCP-based tool...

> File "/home/transwarp/Documents/workspace/private/LLM_reasoning_framework/Agent/OpenManus/app/agent/toolcall.py", line 193, in execute_tool
    result = await self.available_tools.execute(name=name, tool_input=args)
                   â”‚    â”‚               â”‚            â”‚                â”” {'query': 'å°ç‚’è‚‰çš„åšæ³•', 'num_results': 5, 'lang': 'zh', 'country': 'cn'}
                   â”‚    â”‚               â”‚            â”” 'web_search'
                   â”‚    â”‚               â”” <function ToolCollection.execute at 0x7fd2c9e4dbc0>
                   â”‚    â”” <app.tool.tool_collection.ToolCollection object at 0x7fd2c0ad34d0>
                   â”” Manus(name='Manus', description='A versatile agent that can solve various tasks using multiple tools including MCP-based tool...

  File "/home/transwarp/Documents/workspace/private/LLM_reasoning_framework/Agent/OpenManus/app/tool/tool_collection.py", line 32, in execute
    result = await tool(**tool_input)
                   â”‚      â”” {'query': 'å°ç‚’è‚‰çš„åšæ³•', 'num_results': 5, 'lang': 'zh', 'country': 'cn'}
                   â”” WebSearch(name='web_search', description='Search the web for real-time information about any topic.\n    This tool returns co...

  File "/home/transwarp/Documents/workspace/private/LLM_reasoning_framework/Agent/OpenManus/app/tool/base.py", line 118, in __call__
    return await self.execute(**kwargs)
                 â”‚    â”‚         â”” {'query': 'å°ç‚’è‚‰çš„åšæ³•', 'num_results': 5, 'lang': 'zh', 'country': 'cn'}
                 â”‚    â”” <function WebSearch.execute at 0x7fd2cb5da200>
                 â”” WebSearch(name='web_search', description='Search the web for real-time information about any topic.\n    This tool returns co...

  File "/home/transwarp/Documents/workspace/private/LLM_reasoning_framework/Agent/OpenManus/app/tool/web_search.py", line 253, in execute
    results = await self._try_all_engines(query, num_results, search_params)
                    â”‚    â”‚                â”‚      â”‚            â”” {'lang': 'zh', 'country': 'cn'}
                    â”‚    â”‚                â”‚      â”” 5
                    â”‚    â”‚                â”” 'å°ç‚’è‚‰çš„åšæ³•'
                    â”‚    â”” <function WebSearch._try_all_engines at 0x7fd2cb5da3e0>
                    â”” WebSearch(name='web_search', description='Search the web for real-time information about any topic.\n    This tool returns co...

  File "/home/transwarp/Documents/workspace/private/LLM_reasoning_framework/Agent/OpenManus/app/tool/web_search.py", line 300, in _try_all_engines
    search_items = await self._perform_search_with_engine(
                         â”‚    â”” <function WebSearch._perform_search_with_engine at 0x7fd2cb5da980>
                         â”” WebSearch(name='web_search', description='Search the web for real-time information about any topic.\n    This tool returns co...

  File "/usr/local/lib/python3.12/site-packages/tenacity/asyncio/__init__.py", line 189, in async_wrapped
    return await copy(fn, *args, **kwargs)
                 â”‚    â”‚    â”‚       â”” {}
                 â”‚    â”‚    â”” (WebSearch(name='web_search', description='Search the web for real-time information about any topic.\n    This tool returns c...
                 â”‚    â”” <function WebSearch._perform_search_with_engine at 0x7fd2cb5da700>
                 â”” <AsyncRetrying object at 0x7fd2c0593380 (stop=<tenacity.stop.stop_after_attempt object at 0x7fd2cb5e6ff0>, wait=<tenacity.wai...
  File "/usr/local/lib/python3.12/site-packages/tenacity/asyncio/__init__.py", line 111, in __call__
    do = await self.iter(retry_state=retry_state)
               â”‚    â”‚                â”” <RetryCallState 140543146931216: attempt #3; slept for 3.0; last result: failed (ConnectionError HTTPSConnectionPool(host='ww...
               â”‚    â”” <function AsyncRetrying.iter at 0x7fd2cbed2160>
               â”” <AsyncRetrying object at 0x7fd2c0593380 (stop=<tenacity.stop.stop_after_attempt object at 0x7fd2cb5e6ff0>, wait=<tenacity.wai...
  File "/usr/local/lib/python3.12/site-packages/tenacity/asyncio/__init__.py", line 153, in iter
    result = await action(retry_state)
                   â”‚      â”” <RetryCallState 140543146931216: attempt #3; slept for 3.0; last result: failed (ConnectionError HTTPSConnectionPool(host='ww...
                   â”” <function wrap_to_async_func.<locals>.inner at 0x7fd2cc6e04a0>
  File "/usr/local/lib/python3.12/site-packages/tenacity/_utils.py", line 99, in inner
    return call(*args, **kwargs)
           â”‚     â”‚       â”” {}
           â”‚     â”” (<RetryCallState 140543146931216: attempt #3; slept for 3.0; last result: failed (ConnectionError HTTPSConnectionPool(host='w...
           â”” <function BaseRetrying._post_stop_check_actions.<locals>.exc_check at 0x7fd2cc6e02c0>
  File "/usr/local/lib/python3.12/site-packages/tenacity/__init__.py", line 419, in exc_check
    raise retry_exc from fut.exception()
          â”‚              â”‚   â”” <function Future.exception at 0x7fd2ce6d45e0>
          â”‚              â”” <Future at 0x7fd2c05e54c0 state=finished raised ConnectionError>
          â”” RetryError(<Future at 0x7fd2c05e54c0 state=finished raised ConnectionError>)

tenacity.RetryError: RetryError[<Future at 0x7fd2c05e54c0 state=finished raised ConnectionError>]
2025-10-21 15:40:11.844 | INFO     | app.agent.toolcall:act:160 - ğŸ¯ Tool 'web_search' completed its mission! Result: Error: âš ï¸ Tool 'web_search' encountered a problem: RetryError[<Future at 0x7fd2c05e54c0 state=finished raised ConnectionError>]
2025-10-21 15:40:11.844 | INFO     | app.agent.base:run:141 - Executing step 2/20
2025-10-21 15:40:13.721 | INFO     | app.llm:update_token_count:243 - Token usage: Input=1526, Completion=71, Cumulative Input=2871, Cumulative Completion=113, Total=1597, Cumulative Total=2984
2025-10-21 15:40:13.722 | INFO     | app.agent.toolcall:think:89 - âœ¨ Manus's thoughts: çœ‹èµ·æ¥åœ¨å°è¯•æœç´¢å°ç‚’è‚‰çš„åšæ³•æ—¶é‡åˆ°äº†ç½‘ç»œè¿æ¥é—®é¢˜ã€‚æˆ‘å°†å†æ¬¡å°è¯•æœç´¢ï¼Œä»¥ç¡®ä¿æˆ‘ä»¬èƒ½å¤Ÿè·å–åˆ°æ‰€éœ€çš„ä¿¡æ¯ã€‚

2025-10-21 15:40:13.722 | INFO     | app.agent.toolcall:think:90 - ğŸ› ï¸ Manus selected 1 tools to use
2025-10-21 15:40:13.722 | INFO     | app.agent.toolcall:think:94 - ğŸ§° Tools being prepared: ['web_search']
2025-10-21 15:40:13.722 | INFO     | app.agent.toolcall:think:97 - ğŸ”§ Tool arguments: {"query": "å°ç‚’è‚‰çš„åšæ³•", "num_results": 5, "lang": "zh", "country": "cn"}
2025-10-21 15:40:13.723 | INFO     | app.agent.toolcall:execute_tool:192 - ğŸ”§ Activating tool: 'web_search'...
2025-10-21 15:40:13.723 | INFO     | app.tool.web_search:_try_all_engines:299 - ğŸ” Attempting search with Google...
2025-10-21 15:40:31.764 | ERROR    | app.agent.toolcall:execute_tool:219 - âš ï¸ Tool 'web_search' encountered a problem: RetryError[<Future at 0x7fd2c11f2d80 state=finished raised ConnectionError>]
Traceback (most recent call last):

  File "/usr/local/lib/python3.12/site-packages/urllib3/connection.py", line 198, in _new_conn
    sock = connection.create_connection(
           â”‚          â”” <function create_connection at 0x7fd2cbdc5800>
           â”” <module 'urllib3.util.connection' from '/usr/local/lib/python3.12/site-packages/urllib3/util/connection.py'>
  File "/usr/local/lib/python3.12/site-packages/urllib3/util/connection.py", line 85, in create_connection
    raise err
          â”” None
  File "/usr/local/lib/python3.12/site-packages/urllib3/util/connection.py", line 73, in create_connection
    sock.connect(sa)
    â”‚    â”‚       â”” ('2001::1', 443, 0, 0)
    â”‚    â”” <method 'connect' of '_socket.socket' objects>
    â”” <socket.socket [closed] fd=-1, family=10, type=1, proto=6>

OSError: [Errno 101] Network is unreachable


The above exception was the direct cause of the following exception:


Traceback (most recent call last):

  File "/usr/local/lib/python3.12/site-packages/urllib3/connectionpool.py", line 787, in urlopen
    response = self._make_request(
               â”‚    â”” <function HTTPConnectionPool._make_request at 0x7fd2cbe64c20>
               â”” <urllib3.connectionpool.HTTPSConnectionPool object at 0x7fd2c11f3380>
  File "/usr/local/lib/python3.12/site-packages/urllib3/connectionpool.py", line 488, in _make_request
    raise new_e
          â”” NewConnectionError('<urllib3.connection.HTTPSConnection object at 0x7fd2c11f31a0>: Failed to establish a new connection: [Err...
  File "/usr/local/lib/python3.12/site-packages/urllib3/connectionpool.py", line 464, in _make_request
    self._validate_conn(conn)
    â”‚    â”‚              â”” <urllib3.connection.HTTPSConnection object at 0x7fd2c11f31a0>
    â”‚    â”” <function HTTPSConnectionPool._validate_conn at 0x7fd2cbe651c0>
    â”” <urllib3.connectionpool.HTTPSConnectionPool object at 0x7fd2c11f3380>
  File "/usr/local/lib/python3.12/site-packages/urllib3/connectionpool.py", line 1093, in _validate_conn
    conn.connect()
    â”‚    â”” <function HTTPSConnection.connect at 0x7fd2cbe5cae0>
    â”” <urllib3.connection.HTTPSConnection object at 0x7fd2c11f31a0>
  File "/usr/local/lib/python3.12/site-packages/urllib3/connection.py", line 753, in connect
    self.sock = sock = self._new_conn()
    â”‚    â”‚             â”‚    â”” <function HTTPConnection._new_conn at 0x7fd2cbe5c0e0>
    â”‚    â”‚             â”” <urllib3.connection.HTTPSConnection object at 0x7fd2c11f31a0>
    â”‚    â”” None
    â”” <urllib3.connection.HTTPSConnection object at 0x7fd2c11f31a0>
  File "/usr/local/lib/python3.12/site-packages/urllib3/connection.py", line 213, in _new_conn
    raise NewConnectionError(
          â”” <class 'urllib3.exceptions.NewConnectionError'>

urllib3.exceptions.NewConnectionError: <urllib3.connection.HTTPSConnection object at 0x7fd2c11f31a0>: Failed to establish a new connection: [Errno 101] Network is unreachable


The above exception was the direct cause of the following exception:


Traceback (most recent call last):

  File "/usr/local/lib/python3.12/site-packages/requests/adapters.py", line 644, in send
    resp = conn.urlopen(
           â”‚    â”” <function HTTPConnectionPool.urlopen at 0x7fd2cbe64e00>
           â”” <urllib3.connectionpool.HTTPSConnectionPool object at 0x7fd2c11f3380>
  File "/usr/local/lib/python3.12/site-packages/urllib3/connectionpool.py", line 841, in urlopen
    retries = retries.increment(
              â”‚       â”” <function Retry.increment at 0x7fd2cbdc7ce0>
              â”” Retry(total=0, connect=None, read=False, redirect=None, status=None)
  File "/usr/local/lib/python3.12/site-packages/urllib3/util/retry.py", line 519, in increment
    raise MaxRetryError(_pool, url, reason) from reason  # type: ignore[arg-type]
          â”‚             â”‚      â”‚    â”‚            â”” NewConnectionError('<urllib3.connection.HTTPSConnection object at 0x7fd2c11f31a0>: Failed to establish a new connection: [Err...
          â”‚             â”‚      â”‚    â”” NewConnectionError('<urllib3.connection.HTTPSConnection object at 0x7fd2c11f31a0>: Failed to establish a new connection: [Err...
          â”‚             â”‚      â”” '/search?q=%E5%B0%8F%E7%82%92%E8%82%89%E7%9A%84%E5%81%9A%E6%B3%95&num=7&hl=en&start=0&safe=active'
          â”‚             â”” <urllib3.connectionpool.HTTPSConnectionPool object at 0x7fd2c11f3380>
          â”” <class 'urllib3.exceptions.MaxRetryError'>

urllib3.exceptions.MaxRetryError: HTTPSConnectionPool(host='www.google.com', port=443): Max retries exceeded with url: /search?q=%E5%B0%8F%E7%82%92%E8%82%89%E7%9A%84%E5%81%9A%E6%B3%95&num=7&hl=en&start=0&safe=active (Caused by NewConnectionError('<urllib3.connection.HTTPSConnection object at 0x7fd2c11f31a0>: Failed to establish a new connection: [Errno 101] Network is unreachable'))


During handling of the above exception, another exception occurred:


Traceback (most recent call last):

  File "/usr/local/lib/python3.12/site-packages/tenacity/asyncio/__init__.py", line 114, in __call__
    result = await fn(*args, **kwargs)
                   â”‚   â”‚       â”” {}
                   â”‚   â”” (WebSearch(name='web_search', description='Search the web for real-time information about any topic.\n    This tool returns c...
                   â”” <function WebSearch._perform_search_with_engine at 0x7fd2cb5da700>

  File "/home/transwarp/Documents/workspace/private/LLM_reasoning_framework/Agent/OpenManus/app/tool/web_search.py", line 398, in _perform_search_with_engine
    return await asyncio.get_event_loop().run_in_executor(
                 â”‚       â”” <built-in function get_event_loop>
                 â”” <module 'asyncio' from '/usr/local/lib/python3.12/asyncio/__init__.py'>

  File "/usr/local/lib/python3.12/concurrent/futures/thread.py", line 59, in run
    result = self.fn(*self.args, **self.kwargs)
             â”‚        â”‚            â”” None
             â”‚        â”” None
             â”” None

  File "/home/transwarp/Documents/workspace/private/LLM_reasoning_framework/Agent/OpenManus/app/tool/web_search.py", line 401, in <lambda>
    engine.perform_search(
    â”‚      â”” <function GoogleSearchEngine.perform_search at 0x7fd2cb5d9a80>
    â”” GoogleSearchEngine()

  File "/home/transwarp/Documents/workspace/private/LLM_reasoning_framework/Agent/OpenManus/app/tool/search/google_search.py", line 20, in perform_search
    for i, item in enumerate(raw_results):
                             â”” <generator object search at 0x7fd2c1326bc0>

  File "/usr/local/lib/python3.12/site-packages/googlesearch/__init__.py", line 58, in search
    resp = _req(term, num_results - start,
           â”‚    â”‚     â”‚             â”” 0
           â”‚    â”‚     â”” 5
           â”‚    â”” 'å°ç‚’è‚‰çš„åšæ³•'
           â”” <function _req at 0x7fd2cb5d9c60>
  File "/usr/local/lib/python3.12/site-packages/googlesearch/__init__.py", line 10, in _req
    resp = get(
           â”” <function get at 0x7fd2cb769580>
  File "/usr/local/lib/python3.12/site-packages/requests/api.py", line 73, in get
    return request("get", url, params=params, **kwargs)
           â”‚              â”‚           â”‚         â”” {'headers': {'User-Agent': 'Lynx/3.9.0 libwww-FM/2.15 SSL-MM/2.3 OpenSSL/2.3.0', 'Accept': '*/*'}, 'proxies': None, 'timeout'...
           â”‚              â”‚           â”” {'q': 'å°ç‚’è‚‰çš„åšæ³•', 'num': 7, 'hl': 'en', 'start': 0, 'safe': 'active', 'gl': None}
           â”‚              â”” 'https://www.google.com/search'
           â”” <function request at 0x7fd2cb7798a0>
  File "/usr/local/lib/python3.12/site-packages/requests/api.py", line 59, in request
    return session.request(method=method, url=url, **kwargs)
           â”‚       â”‚              â”‚           â”‚      â”” {'params': {'q': 'å°ç‚’è‚‰çš„åšæ³•', 'num': 7, 'hl': 'en', 'start': 0, 'safe': 'active', 'gl': None}, 'headers': {'User-Agent': 'Lynx/3...
           â”‚       â”‚              â”‚           â”” 'https://www.google.com/search'
           â”‚       â”‚              â”” 'get'
           â”‚       â”” <function Session.request at 0x7fd2cb7b19e0>
           â”” <requests.sessions.Session object at 0x7fd2c11f3e30>
  File "/usr/local/lib/python3.12/site-packages/requests/sessions.py", line 589, in request
    resp = self.send(prep, **send_kwargs)
           â”‚    â”‚    â”‚       â”” {'timeout': 5, 'allow_redirects': True, 'proxies': OrderedDict(), 'stream': False, 'verify': True, 'cert': None}
           â”‚    â”‚    â”” <PreparedRequest [GET]>
           â”‚    â”” <function Session.send at 0x7fd2cb7b1ee0>
           â”” <requests.sessions.Session object at 0x7fd2c11f3e30>
  File "/usr/local/lib/python3.12/site-packages/requests/sessions.py", line 703, in send
    r = adapter.send(request, **kwargs)
        â”‚       â”‚    â”‚          â”” {'timeout': 5, 'proxies': OrderedDict(), 'stream': False, 'verify': True, 'cert': None}
        â”‚       â”‚    â”” <PreparedRequest [GET]>
        â”‚       â”” <function HTTPAdapter.send at 0x7fd2cb7b1300>
        â”” <requests.adapters.HTTPAdapter object at 0x7fd2c11f3350>
  File "/usr/local/lib/python3.12/site-packages/requests/adapters.py", line 677, in send
    raise ConnectionError(e, request=request)
          â”‚                          â”” <PreparedRequest [GET]>
          â”” <class 'requests.exceptions.ConnectionError'>

requests.exceptions.ConnectionError: HTTPSConnectionPool(host='www.google.com', port=443): Max retries exceeded with url: /search?q=%E5%B0%8F%E7%82%92%E8%82%89%E7%9A%84%E5%81%9A%E6%B3%95&num=7&hl=en&start=0&safe=active (Caused by NewConnectionError('<urllib3.connection.HTTPSConnection object at 0x7fd2c11f31a0>: Failed to establish a new connection: [Errno 101] Network is unreachable'))


The above exception was the direct cause of the following exception:


Traceback (most recent call last):

  File "/home/transwarp/Documents/workspace/private/LLM_reasoning_framework/Agent/OpenManus/main.py", line 36, in <module>
    asyncio.run(main())
    â”‚       â”‚   â”” <function main at 0x7fd2ce922340>
    â”‚       â”” <function run at 0x7fd2ce01e7a0>
    â”” <module 'asyncio' from '/usr/local/lib/python3.12/asyncio/__init__.py'>

  File "/usr/local/lib/python3.12/asyncio/runners.py", line 195, in run
    return runner.run(main)
           â”‚      â”‚   â”” <coroutine object main at 0x7fd2c127cb80>
           â”‚      â”” <function Runner.run at 0x7fd2cde6fc40>
           â”” <asyncio.runners.Runner object at 0x7fd2ce718890>
  File "/usr/local/lib/python3.12/asyncio/runners.py", line 118, in run
    return self._loop.run_until_complete(task)
           â”‚    â”‚     â”‚                  â”” <Task pending name='Task-1' coro=<main() running at /home/transwarp/Documents/workspace/private/LLM_reasoning_framework/Agent...
           â”‚    â”‚     â”” <function BaseEventLoop.run_until_complete at 0x7fd2cde6d8a0>
           â”‚    â”” <_UnixSelectorEventLoop running=True closed=False debug=False>
           â”” <asyncio.runners.Runner object at 0x7fd2ce718890>
  File "/usr/local/lib/python3.12/asyncio/base_events.py", line 678, in run_until_complete
    self.run_forever()
    â”‚    â”” <function BaseEventLoop.run_forever at 0x7fd2cde6d800>
    â”” <_UnixSelectorEventLoop running=True closed=False debug=False>
  File "/usr/local/lib/python3.12/asyncio/base_events.py", line 645, in run_forever
    self._run_once()
    â”‚    â”” <function BaseEventLoop._run_once at 0x7fd2cde6f600>
    â”” <_UnixSelectorEventLoop running=True closed=False debug=False>
  File "/usr/local/lib/python3.12/asyncio/base_events.py", line 1999, in _run_once
    handle._run()
    â”‚      â”” <function Handle._run at 0x7fd2cdfcd940>
    â”” <Handle Task.task_wakeup(<Future finis...achable'))"))>)>
  File "/usr/local/lib/python3.12/asyncio/events.py", line 88, in _run
    self._context.run(self._callback, *self._args)
    â”‚    â”‚            â”‚    â”‚           â”‚    â”” <member '_args' of 'Handle' objects>
    â”‚    â”‚            â”‚    â”‚           â”” <Handle Task.task_wakeup(<Future finis...achable'))"))>)>
    â”‚    â”‚            â”‚    â”” <member '_callback' of 'Handle' objects>
    â”‚    â”‚            â”” <Handle Task.task_wakeup(<Future finis...achable'))"))>)>
    â”‚    â”” <member '_context' of 'Handle' objects>
    â”” <Handle Task.task_wakeup(<Future finis...achable'))"))>)>

  File "/home/transwarp/Documents/workspace/private/LLM_reasoning_framework/Agent/OpenManus/main.py", line 26, in main
    await agent.run(prompt)
          â”‚     â”‚   â”” 'å°ç‚’è‚‰çš„åšæ³•ï¼Ÿ'
          â”‚     â”” <function ToolCallAgent.run at 0x7fd2c9e4e0c0>
          â”” Manus(name='Manus', description='A versatile agent that can solve various tasks using multiple tools including MCP-based tool...

  File "/home/transwarp/Documents/workspace/private/LLM_reasoning_framework/Agent/OpenManus/app/agent/toolcall.py", line 260, in run
    return await super().run(request)
                             â”” 'å°ç‚’è‚‰çš„åšæ³•ï¼Ÿ'

  File "/home/transwarp/Documents/workspace/private/LLM_reasoning_framework/Agent/OpenManus/app/agent/base.py", line 142, in run
    step_result = await self.step()
                        â”‚    â”” <function ReActAgent.step at 0x7fd2cb697560>
                        â”” Manus(name='Manus', description='A versatile agent that can solve various tasks using multiple tools including MCP-based tool...

  File "/home/transwarp/Documents/workspace/private/LLM_reasoning_framework/Agent/OpenManus/app/agent/react.py", line 41, in step
    return await self.act()
                 â”‚    â”” <function ToolCallAgent.act at 0x7fd2cb697d80>
                 â”” Manus(name='Manus', description='A versatile agent that can solve various tasks using multiple tools including MCP-based tool...

  File "/home/transwarp/Documents/workspace/private/LLM_reasoning_framework/Agent/OpenManus/app/agent/toolcall.py", line 155, in act
    result = await self.execute_tool(command)
                   â”‚    â”‚            â”” ChatCompletionMessageToolCall(id='chatcmpl-tool-cf79a5664f4444b38f64cd6029e83bdb', function=Function(arguments='{"query": "\\...
                   â”‚    â”” <function ToolCallAgent.execute_tool at 0x7fd2c9e4d8a0>
                   â”” Manus(name='Manus', description='A versatile agent that can solve various tasks using multiple tools including MCP-based tool...

> File "/home/transwarp/Documents/workspace/private/LLM_reasoning_framework/Agent/OpenManus/app/agent/toolcall.py", line 193, in execute_tool
    result = await self.available_tools.execute(name=name, tool_input=args)
                   â”‚    â”‚               â”‚            â”‚                â”” {'query': 'å°ç‚’è‚‰çš„åšæ³•', 'num_results': 5, 'lang': 'zh', 'country': 'cn'}
                   â”‚    â”‚               â”‚            â”” 'web_search'
                   â”‚    â”‚               â”” <function ToolCollection.execute at 0x7fd2c9e4dbc0>
                   â”‚    â”” <app.tool.tool_collection.ToolCollection object at 0x7fd2c0ad34d0>
                   â”” Manus(name='Manus', description='A versatile agent that can solve various tasks using multiple tools including MCP-based tool...

  File "/home/transwarp/Documents/workspace/private/LLM_reasoning_framework/Agent/OpenManus/app/tool/tool_collection.py", line 32, in execute
    result = await tool(**tool_input)
                   â”‚      â”” {'query': 'å°ç‚’è‚‰çš„åšæ³•', 'num_results': 5, 'lang': 'zh', 'country': 'cn'}
                   â”” WebSearch(name='web_search', description='Search the web for real-time information about any topic.\n    This tool returns co...

  File "/home/transwarp/Documents/workspace/private/LLM_reasoning_framework/Agent/OpenManus/app/tool/base.py", line 118, in __call__
    return await self.execute(**kwargs)
                 â”‚    â”‚         â”” {'query': 'å°ç‚’è‚‰çš„åšæ³•', 'num_results': 5, 'lang': 'zh', 'country': 'cn'}
                 â”‚    â”” <function WebSearch.execute at 0x7fd2cb5da200>
                 â”” WebSearch(name='web_search', description='Search the web for real-time information about any topic.\n    This tool returns co...

  File "/home/transwarp/Documents/workspace/private/LLM_reasoning_framework/Agent/OpenManus/app/tool/web_search.py", line 253, in execute
    results = await self._try_all_engines(query, num_results, search_params)
                    â”‚    â”‚                â”‚      â”‚            â”” {'lang': 'zh', 'country': 'cn'}
                    â”‚    â”‚                â”‚      â”” 5
                    â”‚    â”‚                â”” 'å°ç‚’è‚‰çš„åšæ³•'
                    â”‚    â”” <function WebSearch._try_all_engines at 0x7fd2cb5da3e0>
                    â”” WebSearch(name='web_search', description='Search the web for real-time information about any topic.\n    This tool returns co...

  File "/home/transwarp/Documents/workspace/private/LLM_reasoning_framework/Agent/OpenManus/app/tool/web_search.py", line 300, in _try_all_engines
    search_items = await self._perform_search_with_engine(
                         â”‚    â”” <function WebSearch._perform_search_with_engine at 0x7fd2cb5da980>
                         â”” WebSearch(name='web_search', description='Search the web for real-time information about any topic.\n    This tool returns co...

  File "/usr/local/lib/python3.12/site-packages/tenacity/asyncio/__init__.py", line 189, in async_wrapped
    return await copy(fn, *args, **kwargs)
                 â”‚    â”‚    â”‚       â”” {}
                 â”‚    â”‚    â”” (WebSearch(name='web_search', description='Search the web for real-time information about any topic.\n    This tool returns c...
                 â”‚    â”” <function WebSearch._perform_search_with_engine at 0x7fd2cb5da700>
                 â”” <AsyncRetrying object at 0x7fd2c11f3aa0 (stop=<tenacity.stop.stop_after_attempt object at 0x7fd2cb5e6ff0>, wait=<tenacity.wai...
  File "/usr/local/lib/python3.12/site-packages/tenacity/asyncio/__init__.py", line 111, in __call__
    do = await self.iter(retry_state=retry_state)
               â”‚    â”‚                â”” <RetryCallState 140543159907248: attempt #3; slept for 3.0; last result: failed (ConnectionError HTTPSConnectionPool(host='ww...
               â”‚    â”” <function AsyncRetrying.iter at 0x7fd2cbed2160>
               â”” <AsyncRetrying object at 0x7fd2c11f3aa0 (stop=<tenacity.stop.stop_after_attempt object at 0x7fd2cb5e6ff0>, wait=<tenacity.wai...
  File "/usr/local/lib/python3.12/site-packages/tenacity/asyncio/__init__.py", line 153, in iter
    result = await action(retry_state)
                   â”‚      â”” <RetryCallState 140543159907248: attempt #3; slept for 3.0; last result: failed (ConnectionError HTTPSConnectionPool(host='ww...
                   â”” <function wrap_to_async_func.<locals>.inner at 0x7fd2cc6e0540>
  File "/usr/local/lib/python3.12/site-packages/tenacity/_utils.py", line 99, in inner
    return call(*args, **kwargs)
           â”‚     â”‚       â”” {}
           â”‚     â”” (<RetryCallState 140543159907248: attempt #3; slept for 3.0; last result: failed (ConnectionError HTTPSConnectionPool(host='w...
           â”” <function BaseRetrying._post_stop_check_actions.<locals>.exc_check at 0x7fd2cc6e0220>
  File "/usr/local/lib/python3.12/site-packages/tenacity/__init__.py", line 419, in exc_check
    raise retry_exc from fut.exception()
          â”‚              â”‚   â”” <function Future.exception at 0x7fd2ce6d45e0>
          â”‚              â”” <Future at 0x7fd2c11f2d80 state=finished raised ConnectionError>
          â”” RetryError(<Future at 0x7fd2c11f2d80 state=finished raised ConnectionError>)

tenacity.RetryError: RetryError[<Future at 0x7fd2c11f2d80 state=finished raised ConnectionError>]
2025-10-21 15:40:31.818 | INFO     | app.agent.toolcall:act:160 - ğŸ¯ Tool 'web_search' completed its mission! Result: Error: âš ï¸ Tool 'web_search' encountered a problem: RetryError[<Future at 0x7fd2c11f2d80 state=finished raised ConnectionError>]
2025-10-21 15:40:31.819 | INFO     | app.agent.base:run:141 - Executing step 3/20
2025-10-21 15:40:40.783 | INFO     | app.llm:update_token_count:243 - Token usage: Input=1736, Completion=428, Cumulative Input=4607, Cumulative Completion=541, Total=2164, Cumulative Total=5148
2025-10-21 15:40:40.784 | INFO     | app.agent.toolcall:think:89 - âœ¨ Manus's thoughts: ä¼¼ä¹ç½‘ç»œè¿æ¥é—®é¢˜æŒç»­å­˜åœ¨ï¼Œå¯¼è‡´æ— æ³•é€šè¿‡ç½‘ç»œæœç´¢è·å–å°ç‚’è‚‰çš„åšæ³•ã€‚ä¸è¿‡ï¼Œæˆ‘å¯ä»¥æ ¹æ®å·²çŸ¥çš„çƒ¹é¥ªçŸ¥è¯†ä¸ºæ‚¨æä¾›ä¸€ä¸ªåŸºæœ¬çš„å°ç‚’è‚‰åšæ³•ã€‚å¦‚æœæ‚¨éœ€è¦æ›´è¯¦ç»†çš„ä¿¡æ¯æˆ–ç‰¹å®šçš„é£Ÿè°±ï¼Œå»ºè®®æ‚¨ç¨åå†è¯•æˆ–ä½¿ç”¨å…¶ä»–æ–¹å¼æŸ¥æ‰¾ã€‚

### å°ç‚’è‚‰çš„åŸºæœ¬åšæ³•

#### ææ–™
- çŒªè‚‰ï¼ˆäº”èŠ±è‚‰æˆ–ç˜¦è‚‰ï¼‰300å…‹
- é’æ¤’ 2ä¸ª
- çº¢æ¤’ 1ä¸ª
- è’œ 3ç“£
- ç”Ÿå§œ 1å°å—
- è±†ç“£é…± 1å¤§å‹º
- ç”ŸæŠ½ 1å¤§å‹º
- è€æŠ½ 1å°å‹º
- ç› é€‚é‡
- ç³– 1å°å‹º
- æ–™é…’ 1å¤§å‹º
- é¸¡ç²¾ é€‚é‡
- èŠ±æ¤’ 1å°å‹º
- é£Ÿç”¨æ²¹ é€‚é‡

#### åšæ³•
1. **å‡†å¤‡ææ–™**ï¼šçŒªè‚‰åˆ‡ç‰‡ï¼Œé’æ¤’ã€çº¢æ¤’åˆ‡å—ï¼Œè’œåˆ‡ç‰‡ï¼Œç”Ÿå§œåˆ‡ä¸ã€‚
2. **è…Œåˆ¶è‚‰ç‰‡**ï¼šå°†åˆ‡å¥½çš„è‚‰ç‰‡åŠ å…¥æ–™é…’ã€ç”ŸæŠ½ã€å°‘è®¸ç›ï¼Œæ‹ŒåŒ€åè…Œåˆ¶10åˆ†é’Ÿã€‚
3. **ç‚’è‚‰**ï¼šé”…ä¸­åŠ æ²¹ï¼Œæ²¹çƒ­ååŠ å…¥èŠ±æ¤’ï¼Œç‚’å‡ºé¦™å‘³åæå‡ºã€‚å†åŠ å…¥è…Œåˆ¶å¥½çš„è‚‰ç‰‡ï¼Œå¿«é€Ÿç¿»ç‚’è‡³è‚‰ç‰‡å˜è‰²ã€‚
4. **åŠ è°ƒæ–™**ï¼šåŠ å…¥è±†ç“£é…±ã€è’œç‰‡ã€ç”Ÿå§œä¸ï¼Œç»§ç»­ç¿»ç‚’å‡åŒ€ã€‚
5. **åŠ é’çº¢æ¤’**ï¼šåŠ å…¥é’æ¤’å’Œçº¢æ¤’å—ï¼Œå¿«é€Ÿç¿»ç‚’è‡³è”¬èœæ–­ç”Ÿã€‚
6. **è°ƒå‘³**ï¼šåŠ å…¥ç”ŸæŠ½ã€è€æŠ½ã€ç³–ã€ç›ï¼Œå¿«é€Ÿç¿»ç‚’å‡åŒ€ï¼Œæœ€ååŠ å…¥é¸¡ç²¾è°ƒå‘³ã€‚
7. **å‡ºé”…**ï¼šç‚’è‡³è‚‰ç‰‡å’Œè”¬èœç†Ÿé€ï¼Œå‡ºé”…è£…ç›˜å³å¯ã€‚

å¸Œæœ›è¿™ä¸ªåšæ³•å¯¹æ‚¨æœ‰å¸®åŠ©ã€‚å¦‚æœæ‚¨æœ‰ä»»ä½•å…¶ä»–é—®é¢˜æˆ–éœ€è¦è¿›ä¸€æ­¥çš„æŒ‡å¯¼ï¼Œè¯·éšæ—¶å‘Šè¯‰æˆ‘ã€‚
2025-10-21 15:40:40.784 | INFO     | app.agent.toolcall:think:90 - ğŸ› ï¸ Manus selected 0 tools to use
2025-10-21 15:40:40.786 | INFO     | app.tool.mcp:disconnect:194 - Disconnected from all MCP servers
2025-10-21 15:40:40.787 | INFO     | __main__:main:27 - Request processing completed.
